<?xml version="1.0" encoding="UTF-8"?>
<!-- Generated by org.testng.reporters.JUnitReportReporter -->
<testsuite hostname="IN-FVFGWNG8Q05D-2.local" failures="0" tests="4" name="api.test.UserTests" time="12.989" errors="0" timestamp="2023-03-24T21:02:25 IST" skipped="0">
  <testcase classname="api.test.UserTests" name="testPostUser" time="4.055"/>
  <system-out/>
  <testcase classname="api.test.UserTests" name="testGetUserByName" time="1.883"/>
  <system-out/>
  <testcase classname="api.test.UserTests" name="testUpdateUserByName" time="5.293"/>
  <system-out/>
  <testcase classname="api.test.UserTests" name="testDeleteUserByName" time="1.758"/>
  <system-out/>
</testsuite> <!-- api.test.UserTests -->
